[2024-01-04  14:04:01] Текст ошибки : Страница не найдена | Файл: C:\OSPanel\domains\ishop2.loc\public\index.php | Строка:12
================
[2024-01-04  14:04:09] Текст ошибки : Страница не найдена | Файл: C:\OSPanel\domains\ishop2.loc\public\index.php | Строка:12
================
[2024-01-04  14:21:00] Текст ошибки : Страница не найдена | Файл: C:\OSPanel\domains\ishop2.loc\public\index.php | Строка:12
================
[2024-01-04  14:21:03] Текст ошибки : Страница не найдена | Файл: C:\OSPanel\domains\ishop2.loc\public\index.php | Строка:12
================
[2024-01-04  14:21:05] Текст ошибки : Страница не найдена | Файл: C:\OSPanel\domains\ishop2.loc\public\index.php | Строка:12
================
[2024-01-04  14:21:06] Текст ошибки : Страница не найдена | Файл: C:\OSPanel\domains\ishop2.loc\public\index.php | Строка:12
================
[2024-01-04  14:21:07] Текст ошибки : Страница не найдена | Файл: C:\OSPanel\domains\ishop2.loc\public\index.php | Строка:12
================
[2024-01-04  14:21:07] Текст ошибки : Страница не найдена | Файл: C:\OSPanel\domains\ishop2.loc\public\index.php | Строка:12
================
[2024-01-04  14:21:07] Текст ошибки : Страница не найдена | Файл: C:\OSPanel\domains\ishop2.loc\public\index.php | Строка:12
================
[2024-01-04  14:21:08] Текст ошибки : Страница не найдена | Файл: C:\OSPanel\domains\ishop2.loc\public\index.php | Строка:12
================
[2024-01-04  14:21:08] Текст ошибки : Страница не найдена | Файл: C:\OSPanel\domains\ishop2.loc\public\index.php | Строка:12
================
[2024-01-04  14:21:08] Текст ошибки : Страница не найдена | Файл: C:\OSPanel\domains\ishop2.loc\public\index.php | Строка:12
================
[2024-01-04  14:22:02] Текст ошибки : Страница не найдена | Файл: C:\OSPanel\domains\ishop2.loc\public\index.php | Строка:12
================
[2024-01-04  14:22:21] Текст ошибки : Страница не найдена | Файл: C:\OSPanel\domains\ishop2.loc\public\index.php | Строка:12
================
[2024-01-04  14:22:22] Текст ошибки : Страница не найдена | Файл: C:\OSPanel\domains\ishop2.loc\public\index.php | Строка:12
================
[2024-01-04  14:22:23] Текст ошибки : Страница не найдена | Файл: C:\OSPanel\domains\ishop2.loc\public\index.php | Строка:12
================
[2024-01-04  14:22:23] Текст ошибки : Страница не найдена | Файл: C:\OSPanel\domains\ishop2.loc\public\index.php | Строка:12
================
[2024-01-04  14:22:23] Текст ошибки : Страница не найдена | Файл: C:\OSPanel\domains\ishop2.loc\public\index.php | Строка:12
================
[2024-01-04  14:28:20] Текст ошибки : Страница не найдена | Файл: C:\OSPanel\domains\ishop2.loc\public\index.php | Строка:12
================
[2024-01-04  14:28:33] Текст ошибки : Страница не найдена | Файл: C:\OSPanel\domains\ishop2.loc\public\index.php | Строка:12
================
[2024-01-04  14:31:21] Текст ошибки : Страница не найдена | Файл: C:\OSPanel\domains\ishop2.loc\public\index.php | Строка:12
================
[2024-01-04  14:31:24] Текст ошибки : Страница не найдена | Файл: C:\OSPanel\domains\ishop2.loc\public\index.php | Строка:12
================
[2024-01-08  16:17:56] Текст ошибки : Страница не найдена | Файл: C:\OSPanel\domains\ishop2.loc\vendor\ishop\core\Router.php | Строка:30
================
[2024-01-08  16:18:30] Текст ошибки : Страница не найдена | Файл: C:\OSPanel\domains\ishop2.loc\vendor\ishop\core\Router.php | Строка:30
================
[2024-01-09  14:57:54] Текст ошибки : Страница не найдена | Файл: C:\OSPanel\domains\ishop2.loc\vendor\ishop\core\Router.php | Строка:30
================
[2024-01-09  15:24:59] Текст ошибки : Страница не найдена | Файл: C:\OSPanel\domains\ishop2.loc\vendor\ishop\core\Router.php | Строка:37
================
[2024-01-09  15:25:10] Текст ошибки : Контроллер app\controllers\Controller не найден | Файл: C:\OSPanel\domains\ishop2.loc\vendor\ishop\core\Router.php | Строка:33
================
[2024-01-09  15:26:21] Текст ошибки : Контроллер app\controllers\Controller не найден | Файл: C:\OSPanel\domains\ishop2.loc\vendor\ishop\core\Router.php | Строка:33
================
[2024-01-09  15:26:22] Текст ошибки : Контроллер app\controllers\Controller не найден | Файл: C:\OSPanel\domains\ishop2.loc\vendor\ishop\core\Router.php | Строка:33
================
[2024-01-09  15:27:24] Текст ошибки : Class 'app\controllers\Controller' not found | Файл: C:\OSPanel\domains\ishop2.loc\vendor\ishop\core\Router.php | Строка:30
================
[2024-01-09  15:40:39] Текст ошибки : Контроллер app\controllers\Controller не найден | Файл: C:\OSPanel\domains\ishop2.loc\vendor\ishop\core\Router.php | Строка:39
================
[2024-01-09  15:45:44] Текст ошибки : Контроллер app\controllers\Controller не найден | Файл: C:\OSPanel\domains\ishop2.loc\vendor\ishop\core\Router.php | Строка:39
================
[2024-01-09  15:45:47] Текст ошибки : Контроллер app\controllers\Controller не найден | Файл: C:\OSPanel\domains\ishop2.loc\vendor\ishop\core\Router.php | Строка:39
================
[2024-01-09  15:46:54] Текст ошибки : Контроллер app\controllers\Controller не найден | Файл: C:\OSPanel\domains\ishop2.loc\vendor\ishop\core\Router.php | Строка:39
================
[2024-01-09  15:46:56] Текст ошибки : Контроллер app\controllers\Controller не найден | Файл: C:\OSPanel\domains\ishop2.loc\vendor\ishop\core\Router.php | Строка:39
================
[2024-01-09  15:52:00] Текст ошибки : Контроллер app\controllers\Controller не найден | Файл: C:\OSPanel\domains\ishop2.loc\vendor\ishop\core\Router.php | Строка:39
================
[2024-01-09  15:52:02] Текст ошибки : Контроллер app\controllers\Controller не найден | Файл: C:\OSPanel\domains\ishop2.loc\vendor\ishop\core\Router.php | Строка:39
================
[2024-01-09  15:53:40] Текст ошибки : Контроллер app\controllers\Controller не найден | Файл: C:\OSPanel\domains\ishop2.loc\vendor\ishop\core\Router.php | Строка:39
================
[2024-01-09  15:53:56] Текст ошибки : Контроллер app\controllers\Controller не найден | Файл: C:\OSPanel\domains\ishop2.loc\vendor\ishop\core\Router.php | Строка:39
================
[2024-01-09  15:54:34] Текст ошибки : Контроллер app\controllers\Controller не найден | Файл: C:\OSPanel\domains\ishop2.loc\vendor\ishop\core\Router.php | Строка:39
================
[2024-01-09  15:54:35] Текст ошибки : Контроллер app\controllers\Controller не найден | Файл: C:\OSPanel\domains\ishop2.loc\vendor\ishop\core\Router.php | Строка:39
================
[2024-01-09  15:54:49] Текст ошибки : Контроллер app\controllers\Controller не найден | Файл: C:\OSPanel\domains\ishop2.loc\vendor\ishop\core\Router.php | Строка:39
================
[2024-01-09  16:02:11] Текст ошибки : Метод app\controllers\Controller::self::upperCamelCase($name) не найден | Файл: C:\OSPanel\domains\ishop2.loc\vendor\ishop\core\Router.php | Строка:36
================
[2024-01-09  16:11:49] Текст ошибки : Контроллер app\controllers\Controller не найден | Файл: C:\OSPanel\domains\ishop2.loc\vendor\ishop\core\Router.php | Строка:40
================
[2024-01-09  16:12:37] Текст ошибки : Контроллер app\controllers\Controller не найден | Файл: C:\OSPanel\domains\ishop2.loc\vendor\ishop\core\Router.php | Строка:40
================
[2024-01-09  16:14:29] Текст ошибки : Контроллер app\controllers\Controller не найден | Файл: C:\OSPanel\domains\ishop2.loc\vendor\ishop\core\Router.php | Строка:40
================
[2024-01-09  16:16:26] Текст ошибки : Контроллер app\controllers\Controller не найден | Файл: C:\OSPanel\domains\ishop2.loc\vendor\ishop\core\Router.php | Строка:40
================
[2024-01-09  16:16:28] Текст ошибки : Контроллер app\controllers\Controller не найден | Файл: C:\OSPanel\domains\ishop2.loc\vendor\ishop\core\Router.php | Строка:40
================
[2024-01-09  16:16:29] Текст ошибки : Контроллер app\controllers\Controller не найден | Файл: C:\OSPanel\domains\ishop2.loc\vendor\ishop\core\Router.php | Строка:40
================
[2024-01-09  16:16:34] Текст ошибки : Контроллер app\controllers\Controller не найден | Файл: C:\OSPanel\domains\ishop2.loc\vendor\ishop\core\Router.php | Строка:40
================
[2024-01-09  16:18:20] Текст ошибки : Метод app\controllers\MainController::self::upperCamelCase($name) не найден | Файл: C:\OSPanel\domains\ishop2.loc\vendor\ishop\core\Router.php | Строка:36
================
[2024-01-09  16:19:42] Текст ошибки : Метод app\controllers\MainController::self::upperCamelCase($name) не найден | Файл: C:\OSPanel\domains\ishop2.loc\vendor\ishop\core\Router.php | Строка:36
================
[2024-01-09  16:40:21] Текст ошибки : Метод app\controllers\MainController::self::upperCamelCase($name) не найден | Файл: C:\OSPanel\domains\ishop2.loc\vendor\ishop\core\Router.php | Строка:37
================
[2024-01-09  16:40:22] Текст ошибки : Метод app\controllers\MainController::self::upperCamelCase($name) не найден | Файл: C:\OSPanel\domains\ishop2.loc\vendor\ishop\core\Router.php | Строка:37
================
[2024-01-09  16:40:48] Текст ошибки : Метод app\controllers\MainController::self::upperCamelCase($name) не найден | Файл: C:\OSPanel\domains\ishop2.loc\vendor\ishop\core\Router.php | Строка:37
================
[2024-01-09  16:40:50] Текст ошибки : Метод app\controllers\MainController::self::upperCamelCase($name) не найден | Файл: C:\OSPanel\domains\ishop2.loc\vendor\ishop\core\Router.php | Строка:37
================
[2024-01-09  16:43:09] Текст ошибки : Метод app\controllers\MainController::self::upperCamelCase($name) не найден | Файл: C:\OSPanel\domains\ishop2.loc\vendor\ishop\core\Router.php | Строка:37
================
[2024-01-09  16:43:16] Текст ошибки : Метод app\controllers\MainController::self::upperCamelCase($name) не найден | Файл: C:\OSPanel\domains\ishop2.loc\vendor\ishop\core\Router.php | Строка:37
================
[2024-01-09  16:47:34] Текст ошибки : Метод app\controllers\MainController::self::upperCamelCase($name) не найден | Файл: C:\OSPanel\domains\ishop2.loc\vendor\ishop\core\Router.php | Строка:37
================
[2024-01-09  16:48:28] Текст ошибки : Метод app\controllers\MainController::self::upperCamelCase($name) не найден | Файл: C:\OSPanel\domains\ishop2.loc\vendor\ishop\core\Router.php | Строка:37
================
[2024-01-09  16:48:34] Текст ошибки : Метод app\controllers\MainController::self::upperCamelCase($name) не найден | Файл: C:\OSPanel\domains\ishop2.loc\vendor\ishop\core\Router.php | Строка:37
================
[2024-01-09  16:48:35] Текст ошибки : Метод app\controllers\MainController::self::upperCamelCase($name) не найден | Файл: C:\OSPanel\domains\ishop2.loc\vendor\ishop\core\Router.php | Строка:37
================
